[Tue Feb 28 2017 16:28:04] Parameter summary
 Reference          = ref/GRCh38/chr22.fa.gz
 name               = TFChip
 outdir             = rawData/simul/GRCh38/chr22
 seed               = 1234
 Pbind_given_back   = 0.050000
 Pback_given_back   = 0.950000
 EF                 = 5.000000
 bindingLength      = 50
 backgroundLength   = 500
 meanFragmentLength = 200
 minFragmentLength  = 150
 maxFragmentLength  = 250
 readLength         = 75
 nReads             = 100000
 gSize              = 50835037
 nReps              = 2
[Tue Feb 28 2017 16:28:05] Read reference sequence "22 dna:chromosome chromosome:GRCh38:22:1:50818468:1 REF" of length 50818468
[Tue Feb 28 2017 16:28:05] Set fixed seed 1234
[Tue Feb 28 2017 16:28:05] Running MC model...
[Tue Feb 28 2017 16:28:44] Results of MC model
       5126 binding sites
     101124 background sites
[Tue Feb 28 2017 16:28:44] Storing TF binding sites in BED file...
[Tue Feb 28 2017 16:28:44] Converting features to site densities...
[Tue Feb 28 2017 16:28:52] Converting site densities to DNA fragment densities...
[Tue Feb 28 2017 16:30:17] Sampling 99967 reads for 2 replicates...
[Tue Feb 28 2017 16:30:23] Writing pe reads of rep 1 to fastq files...
[Tue Feb 28 2017 16:36:02] Writing pe reads of rep 2 to fastq files...
[Tue Feb 28 2017 16:41:25] Done (time elapsed 13.43304 mins)
